app/learner/achievements/page.tsx(191,112): error TS2339: Property 'title' does not exist on type 'Achievement'.
components/ui/__tests__/button.test.tsx(1,38): error TS2307: Cannot find module 'vitest' or its corresponding type declarations.
lib/auth.ts(32,13): error TS2322: Type '(credentials: Record<"email" | "password", string> | undefined, req: Pick<RequestInternal, "query" | "body" | "headers" | "method">) => Promise<...>' is not assignable to type '(credentials: Record<"email" | "password", string> | undefined, req: Pick<RequestInternal, "query" | "body" | "headers" | "method">) => Awaitable<...>'.
  Type 'Promise<{ id: string; email: string; name: string; role: UserRole; }>' is not assignable to type 'Awaitable<User | null>'.
    Type 'Promise<{ id: string; email: string; name: string; role: UserRole; }>' is not assignable to type 'PromiseLike<User | null>'.
      Types of property 'then' are incompatible.
        Type '<TResult1 = { id: string; email: string; name: string; role: UserRole; }, TResult2 = never>(onfulfilled?: ((value: { id: string; email: string; name: string; role: UserRole; }) => TResult1 | PromiseLike<TResult1>) | null | undefined, onrejected?: ((reason: any) => TResult2 | PromiseLike<...>) | ... 1 more ... | unde...' is not assignable to type '<TResult1 = User | null, TResult2 = never>(onfulfilled?: ((value: User | null) => TResult1 | PromiseLike<TResult1>) | null | undefined, onrejected?: ((reason: any) => TResult2 | PromiseLike<...>) | null | undefined) => PromiseLike<...>'.
          Types of parameters 'onfulfilled' and 'onfulfilled' are incompatible.
            Types of parameters 'value' and 'value' are incompatible.
              Type '{ id: string; email: string; name: string; role: $Enums.UserRole; }' is not assignable to type 'User'.
                Types of property 'role' are incompatible.
                  Type 'UserRole' is not assignable to type '"LEARNER" | "PARENT" | "EDUCATOR" | "PARENT_EDUCATOR" | "ADMIN" | undefined'.
                    Type '"SPEECH_THERAPIST"' is not assignable to type '"LEARNER" | "PARENT" | "EDUCATOR" | "PARENT_EDUCATOR" | "ADMIN" | undefined'.
lib/auth.ts(58,15): error TS2561: Object literal may only specify known properties, but 'isEmailVerified' does not exist in type 'UserSelect<DefaultArgs>'. Did you mean to write 'emailVerified'?
lib/auth.ts(97,5): error TS2353: Object literal may only specify known properties, and 'signUp' does not exist in type 'Partial<PagesOptions>'.
prisma/seed.ts(1,24): error TS2305: Module '"@prisma/client"' has no exported member 'Role'.
prisma/seed.ts(12,7): error TS2561: Object literal may only specify known properties, but 'passwordHash' does not exist in type '(Without<UserCreateInput, UserUncheckedCreateInput> & UserUncheckedCreateInput) | (Without<...> & UserCreateInput)'. Did you mean to write 'password'?
scripts/seed-database.ts(42,11): error TS2322: Type 'string' is not assignable to type 'string[] | EducatorProfileCreatespecializationInput | undefined'.
scripts/seed-database.ts(66,11): error TS2353: Object literal may only specify known properties, and 'fullName' does not exist in type '(Without<LearnerProfileCreateWithoutUserInput, LearnerProfileUncheckedCreateWithoutUserInput> & LearnerProfileUncheckedCreateWithoutUserInput) | (Without<...> & LearnerProfileCreateWithoutUserInput)'.
scripts/seed-database.ts(97,11): error TS2353: Object literal may only specify known properties, and 'fullName' does not exist in type '(Without<LearnerProfileCreateWithoutUserInput, LearnerProfileUncheckedCreateWithoutUserInput> & LearnerProfileUncheckedCreateWithoutUserInput) | (Without<...> & LearnerProfileCreateWithoutUserInput)'.
scripts/seed-database.ts(128,11): error TS2353: Object literal may only specify known properties, and 'fullName' does not exist in type '(Without<ParentProfileCreateWithoutUserInput, ParentProfileUncheckedCreateWithoutUserInput> & ParentProfileUncheckedCreateWithoutUserInput) | (Without<...> & ParentProfileCreateWithoutUserInput)'.
scripts/seed-database.ts(157,15): error TS2353: Object literal may only specify known properties, and 'subscriptionTier' does not exist in type '(Without<HomeschoolFamilyCreateWithoutPrimaryParentInput, HomeschoolFamilyUncheckedCreateWithoutPrimaryParentInput> & HomeschoolFamilyUncheckedCreateWithoutPrimaryParentInput) | (Without<...> & HomeschoolFamilyCreateWithoutPrimaryParentInput)'.
scripts/seed-database.ts(180,7): error TS2561: Object literal may only specify known properties, but 'passwordHash' does not exist in type '(Without<UserCreateInput, UserUncheckedCreateInput> & UserUncheckedCreateInput) | (Without<...> & UserCreateInput)'. Did you mean to write 'password'?
scripts/seed-database.ts(189,16): error TS2339: Property 'educatorProfile' does not exist on type '{ theme: string; id: string; email: string; password: string; firstName: string | null; lastName: string | null; avatar: string | null; role: UserRole; emailVerified: boolean; verificationToken: string | null; ... 8 more ...; language: string; }'.
scripts/seed-database.ts(189,43): error TS2339: Property 'learnerProfile' does not exist on type '{ theme: string; id: string; email: string; password: string; firstName: string | null; lastName: string | null; avatar: string | null; role: UserRole; emailVerified: boolean; verificationToken: string | null; ... 8 more ...; language: string; }'.
scripts/seed-database.ts(192,30): error TS2339: Property 'educatorProfile' does not exist on type '{ theme: string; id: string; email: string; password: string; firstName: string | null; lastName: string | null; avatar: string | null; role: UserRole; emailVerified: boolean; verificationToken: string | null; ... 8 more ...; language: string; }'.
scripts/seed-database.ts(193,28): error TS2339: Property 'learnerProfile' does not exist on type '{ theme: string; id: string; email: string; password: string; firstName: string | null; lastName: string | null; avatar: string | null; role: UserRole; emailVerified: boolean; verificationToken: string | null; ... 8 more ...; language: string; }'.
scripts/seed-database.ts(207,14): error TS2339: Property 'parentProfile' does not exist on type '{ theme: string; id: string; email: string; password: string; firstName: string | null; lastName: string | null; avatar: string | null; role: UserRole; emailVerified: boolean; verificationToken: string | null; ... 8 more ...; language: string; }'.
scripts/seed-database.ts(207,39): error TS2339: Property 'learnerProfile' does not exist on type '{ theme: string; id: string; email: string; password: string; firstName: string | null; lastName: string | null; avatar: string | null; role: UserRole; emailVerified: boolean; verificationToken: string | null; ... 8 more ...; language: string; }'.
scripts/seed-database.ts(210,26): error TS2339: Property 'parentProfile' does not exist on type '{ theme: string; id: string; email: string; password: string; firstName: string | null; lastName: string | null; avatar: string | null; role: UserRole; emailVerified: boolean; verificationToken: string | null; ... 8 more ...; language: string; }'.
scripts/seed-database.ts(211,26): error TS2339: Property 'learnerProfile' does not exist on type '{ theme: string; id: string; email: string; password: string; firstName: string | null; lastName: string | null; avatar: string | null; role: UserRole; emailVerified: boolean; verificationToken: string | null; ... 8 more ...; language: string; }'.
scripts/seed-database.ts(223,24): error TS2339: Property 'parentProfile' does not exist on type '{ theme: string; id: string; email: string; password: string; firstName: string | null; lastName: string | null; avatar: string | null; role: UserRole; emailVerified: boolean; verificationToken: string | null; ... 8 more ...; language: string; }'.
scripts/seed-database.ts(223,49): error TS2339: Property 'learnerProfile' does not exist on type '{ theme: string; id: string; email: string; password: string; firstName: string | null; lastName: string | null; avatar: string | null; role: UserRole; emailVerified: boolean; verificationToken: string | null; ... 8 more ...; language: string; }'.
scripts/seed-database.ts(223,76): error TS2339: Property 'learnerProfile' does not exist on type '{ theme: string; id: string; email: string; password: string; firstName: string | null; lastName: string | null; avatar: string | null; role: UserRole; emailVerified: boolean; verificationToken: string | null; ... 8 more ...; language: string; }'.
scripts/seed-database.ts(226,36): error TS2339: Property 'parentProfile' does not exist on type '{ theme: string; id: string; email: string; password: string; firstName: string | null; lastName: string | null; avatar: string | null; role: UserRole; emailVerified: boolean; verificationToken: string | null; ... 8 more ...; language: string; }'.
scripts/seed-database.ts(227,26): error TS2339: Property 'learnerProfile' does not exist on type '{ theme: string; id: string; email: string; password: string; firstName: string | null; lastName: string | null; avatar: string | null; role: UserRole; emailVerified: boolean; verificationToken: string | null; ... 8 more ...; language: string; }'.
scripts/seed-database.ts(238,36): error TS2339: Property 'parentProfile' does not exist on type '{ theme: string; id: string; email: string; password: string; firstName: string | null; lastName: string | null; avatar: string | null; role: UserRole; emailVerified: boolean; verificationToken: string | null; ... 8 more ...; language: string; }'.
scripts/seed-database.ts(239,27): error TS2339: Property 'learnerProfile' does not exist on type '{ theme: string; id: string; email: string; password: string; firstName: string | null; lastName: string | null; avatar: string | null; role: UserRole; emailVerified: boolean; verificationToken: string | null; ... 8 more ...; language: string; }'.
scripts/seed-database.ts(252,24): error TS2339: Property 'parentProfile' does not exist on type '{ theme: string; id: string; email: string; password: string; firstName: string | null; lastName: string | null; avatar: string | null; role: UserRole; emailVerified: boolean; verificationToken: string | null; ... 8 more ...; language: string; }'.
scripts/seed-database.ts(256,9): error TS2353: Object literal may only specify known properties, and 'coordinatorId' does not exist in type '(Without<CoOpCreateInput, CoOpUncheckedCreateInput> & CoOpUncheckedCreateInput) | (Without<...> & CoOpCreateInput)'.
scripts/seed-database.ts(270,36): error TS2339: Property 'parentProfile' does not exist on type '{ theme: string; id: string; email: string; password: string; firstName: string | null; lastName: string | null; avatar: string | null; role: UserRole; emailVerified: boolean; verificationToken: string | null; ... 8 more ...; language: string; }'.
scripts/seed-database.ts(281,9): error TS2353: Object literal may only specify known properties, and 'description' does not exist in type 'Without<CoOpSessionCreateInput, CoOpSessionUncheckedCreateInput> & CoOpSessionUncheckedCreateInput'.
scripts/seed-database.ts(300,15): error TS2339: Property 'learnerProfile' does not exist on type '{ theme: string; id: string; email: string; password: string; firstName: string | null; lastName: string | null; avatar: string | null; role: UserRole; emailVerified: boolean; verificationToken: string | null; ... 8 more ...; language: string; }'.
scripts/seed-database.ts(304,30): error TS2339: Property 'learnerProfile' does not exist on type '{ theme: string; id: string; email: string; password: string; firstName: string | null; lastName: string | null; avatar: string | null; role: UserRole; emailVerified: boolean; verificationToken: string | null; ... 8 more ...; language: string; }'.
scripts/seed-database.ts(306,11): error TS2353: Object literal may only specify known properties, and 'completedAt' does not exist in type 'ProgressRecordCreateManyInput'.
scripts/seed-database.ts(312,30): error TS2339: Property 'learnerProfile' does not exist on type '{ theme: string; id: string; email: string; password: string; firstName: string | null; lastName: string | null; avatar: string | null; role: UserRole; emailVerified: boolean; verificationToken: string | null; ... 8 more ...; language: string; }'.
scripts/seed-database.ts(314,11): error TS2353: Object literal may only specify known properties, and 'completedAt' does not exist in type 'ProgressRecordCreateManyInput'.
scripts/seed-database.ts(320,30): error TS2339: Property 'learnerProfile' does not exist on type '{ theme: string; id: string; email: string; password: string; firstName: string | null; lastName: string | null; avatar: string | null; role: UserRole; emailVerified: boolean; verificationToken: string | null; ... 8 more ...; language: string; }'.
scripts/seed-database.ts(322,11): error TS2353: Object literal may only specify known properties, and 'completedAt' does not exist in type 'ProgressRecordCreateManyInput'.
scripts/seed-database.ts(336,30): error TS2339: Property 'learnerProfile' does not exist on type '{ theme: string; id: string; email: string; password: string; firstName: string | null; lastName: string | null; avatar: string | null; role: UserRole; emailVerified: boolean; verificationToken: string | null; ... 8 more ...; language: string; }'.
scripts/seed-database.ts(337,11): error TS2353: Object literal may only specify known properties, and 'type' does not exist in type 'AchievementCreateManyInput'.
scripts/seed-database.ts(343,30): error TS2339: Property 'learnerProfile' does not exist on type '{ theme: string; id: string; email: string; password: string; firstName: string | null; lastName: string | null; avatar: string | null; role: UserRole; emailVerified: boolean; verificationToken: string | null; ... 8 more ...; language: string; }'.
scripts/seed-database.ts(344,11): error TS2353: Object literal may only specify known properties, and 'type' does not exist in type 'AchievementCreateManyInput'.
scripts/seed-database.ts(358,30): error TS2339: Property 'learnerProfile' does not exist on type '{ theme: string; id: string; email: string; password: string; firstName: string | null; lastName: string | null; avatar: string | null; role: UserRole; emailVerified: boolean; verificationToken: string | null; ... 8 more ...; language: string; }'.
scripts/seed-database.ts(361,11): error TS2353: Object literal may only specify known properties, and 'gradeLevel' does not exist in type 'NIOSCompetencyCreateManyInput'.
scripts/seed-database.ts(369,30): error TS2339: Property 'learnerProfile' does not exist on type '{ theme: string; id: string; email: string; password: string; firstName: string | null; lastName: string | null; avatar: string | null; role: UserRole; emailVerified: boolean; verificationToken: string | null; ... 8 more ...; language: string; }'.
scripts/seed-database.ts(372,11): error TS2353: Object literal may only specify known properties, and 'gradeLevel' does not exist in type 'NIOSCompetencyCreateManyInput'.
scripts/seed-database.ts(379,30): error TS2339: Property 'learnerProfile' does not exist on type '{ theme: string; id: string; email: string; password: string; firstName: string | null; lastName: string | null; avatar: string | null; role: UserRole; emailVerified: boolean; verificationToken: string | null; ... 8 more ...; language: string; }'.
scripts/seed-database.ts(382,11): error TS2353: Object literal may only specify known properties, and 'gradeLevel' does not exist in type 'NIOSCompetencyCreateManyInput'.
scripts/seed-database.ts(397,30): error TS2339: Property 'learnerProfile' does not exist on type '{ theme: string; id: string; email: string; password: string; firstName: string | null; lastName: string | null; avatar: string | null; role: UserRole; emailVerified: boolean; verificationToken: string | null; ... 8 more ...; language: string; }'.
scripts/seed-database.ts(402,11): error TS2353: Object literal may only specify known properties, and 'lessonId' does not exist in type 'PortfolioItemCreateManyInput'.
scripts/seed-database.ts(406,30): error TS2339: Property 'learnerProfile' does not exist on type '{ theme: string; id: string; email: string; password: string; firstName: string | null; lastName: string | null; avatar: string | null; role: UserRole; emailVerified: boolean; verificationToken: string | null; ... 8 more ...; language: string; }'.
scripts/seed-database.ts(411,11): error TS2353: Object literal may only specify known properties, and 'fileName' does not exist in type 'PortfolioItemCreateManyInput'.
scripts/seed-database.ts(425,16): error TS2339: Property 'educatorProfile' does not exist on type '{ theme: string; id: string; email: string; password: string; firstName: string | null; lastName: string | null; avatar: string | null; role: UserRole; emailVerified: boolean; verificationToken: string | null; ... 8 more ...; language: string; }'.
scripts/seed-database.ts(425,42): error TS2339: Property 'parentProfile' does not exist on type '{ theme: string; id: string; email: string; password: string; firstName: string | null; lastName: string | null; avatar: string | null; role: UserRole; emailVerified: boolean; verificationToken: string | null; ... 8 more ...; language: string; }'.
scripts/seed-database.ts(428,9): error TS2561: Object literal may only specify known properties, but 'participants' does not exist in type '(Without<MessageThreadCreateInput, MessageThreadUncheckedCreateInput> & MessageThreadUncheckedCreateInput) | (Without<...> & MessageThreadCreateInput)'. Did you mean to write 'participantIds'?
scripts/seed-database.ts(435,28): error TS2339: Property 'learnerProfile' does not exist on type '{ theme: string; id: string; email: string; password: string; firstName: string | null; lastName: string | null; avatar: string | null; role: UserRole; emailVerified: boolean; verificationToken: string | null; ... 8 more ...; language: string; }'.
scripts/seed-database.ts(446,11): error TS2353: Object literal may only specify known properties, and 'readBy' does not exist in type 'MessageCreateManyInput'.
scripts/seed-database.ts(454,11): error TS2353: Object literal may only specify known properties, and 'readBy' does not exist in type 'MessageCreateManyInput'.
